<?xml version="1.0" encoding="UTF-8"?>
<testsuite name="com.example.demo.data.VoitureTest" tests="1" skipped="0" failures="0" errors="0" timestamp="2023-03-21T10:38:08" hostname="DESKTOP-CMFPMBT" time="0.218">
  <properties/>
  <testcase name="creerVoiture()" classname="com.example.demo.data.VoitureTest" time="0.218"/>
  <system-out><![CDATA[11:38:03.164 [Test worker] DEBUG org.springframework.test.context.BootstrapUtils - Instantiating CacheAwareContextLoaderDelegate from class [org.springframework.test.context.cache.DefaultCacheAwareContextLoaderDelegate]
11:38:03.180 [Test worker] DEBUG org.springframework.test.context.BootstrapUtils - Instantiating BootstrapContext using constructor [public org.springframework.test.context.support.DefaultBootstrapContext(java.lang.Class,org.springframework.test.context.CacheAwareContextLoaderDelegate)]
11:38:03.217 [Test worker] DEBUG org.springframework.test.context.BootstrapUtils - Instantiating TestContextBootstrapper for test class [com.example.demo.data.VoitureTest] from class [org.springframework.boot.test.context.SpringBootTestContextBootstrapper]
11:38:03.229 [Test worker] INFO org.springframework.boot.test.context.SpringBootTestContextBootstrapper - Neither @ContextConfiguration nor @ContextHierarchy found for test class [com.example.demo.data.VoitureTest], using SpringBootContextLoader
11:38:03.235 [Test worker] DEBUG org.springframework.test.context.support.AbstractContextLoader - Did not detect default resource location for test class [com.example.demo.data.VoitureTest]: class path resource [com/example/demo/data/VoitureTest-context.xml] does not exist
11:38:03.236 [Test worker] DEBUG org.springframework.test.context.support.AbstractContextLoader - Did not detect default resource location for test class [com.example.demo.data.VoitureTest]: class path resource [com/example/demo/data/VoitureTestContext.groovy] does not exist
11:38:03.236 [Test worker] INFO org.springframework.test.context.support.AbstractContextLoader - Could not detect default resource locations for test class [com.example.demo.data.VoitureTest]: no resource found for suffixes {-context.xml, Context.groovy}.
11:38:03.238 [Test worker] INFO org.springframework.test.context.support.AnnotationConfigContextLoaderUtils - Could not detect default configuration classes for test class [com.example.demo.data.VoitureTest]: VoitureTest does not declare any static, non-private, non-final, nested classes annotated with @Configuration.
11:38:03.284 [Test worker] DEBUG org.springframework.test.context.support.ActiveProfilesUtils - Could not find an 'annotation declaring class' for annotation type [org.springframework.test.context.ActiveProfiles] and class [com.example.demo.data.VoitureTest]
11:38:03.347 [Test worker] DEBUG org.springframework.context.annotation.ClassPathScanningCandidateComponentProvider - Identified candidate component class: file [C:\Users\Bouchaib\github\qualiteDeDeveloppement\build\classes\java\main\com\example\demo\DemoApplication.class]
11:38:03.355 [Test worker] INFO org.springframework.boot.test.context.SpringBootTestContextBootstrapper - Found @SpringBootConfiguration com.example.demo.DemoApplication for test class com.example.demo.data.VoitureTest
11:38:03.469 [Test worker] DEBUG org.springframework.boot.test.context.SpringBootTestContextBootstrapper - @TestExecutionListeners is not present for class [com.example.demo.data.VoitureTest]: using defaults.
11:38:03.469 [Test worker] INFO org.springframework.boot.test.context.SpringBootTestContextBootstrapper - Loaded default TestExecutionListener class names from location [META-INF/spring.factories]: [org.springframework.boot.test.autoconfigure.restdocs.RestDocsTestExecutionListener, org.springframework.boot.test.autoconfigure.web.client.MockRestServiceServerResetTestExecutionListener, org.springframework.boot.test.autoconfigure.web.servlet.MockMvcPrintOnlyOnFailureTestExecutionListener, org.springframework.boot.test.autoconfigure.web.servlet.WebDriverTestExecutionListener, org.springframework.boot.test.autoconfigure.webservices.client.MockWebServiceServerTestExecutionListener, org.springframework.boot.test.mock.mockito.MockitoTestExecutionListener, org.springframework.boot.test.mock.mockito.ResetMocksTestExecutionListener, org.springframework.test.context.web.ServletTestExecutionListener, org.springframework.test.context.support.DirtiesContextBeforeModesTestExecutionListener, org.springframework.test.context.event.ApplicationEventsTestExecutionListener, org.springframework.test.context.support.DependencyInjectionTestExecutionListener, org.springframework.test.context.support.DirtiesContextTestExecutionListener, org.springframework.test.context.transaction.TransactionalTestExecutionListener, org.springframework.test.context.jdbc.SqlScriptsTestExecutionListener, org.springframework.test.context.event.EventPublishingTestExecutionListener]
11:38:03.472 [Test worker] INFO org.springframework.boot.test.context.SpringBootTestContextBootstrapper - Using TestExecutionListeners: [org.springframework.test.context.web.ServletTestExecutionListener@7a7471ce, org.springframework.test.context.support.DirtiesContextBeforeModesTestExecutionListener@28276e50, org.springframework.test.context.event.ApplicationEventsTestExecutionListener@62e70ea3, org.springframework.boot.test.mock.mockito.MockitoTestExecutionListener@3efe7086, org.springframework.boot.test.autoconfigure.SpringBootDependencyInjectionTestExecutionListener@675d8c96, org.springframework.test.context.support.DirtiesContextTestExecutionListener@741b3bc3, org.springframework.test.context.transaction.TransactionalTestExecutionListener@2ed3b1f5, org.springframework.test.context.jdbc.SqlScriptsTestExecutionListener@63648ee9, org.springframework.test.context.event.EventPublishingTestExecutionListener@68d6972f, org.springframework.boot.test.autoconfigure.restdocs.RestDocsTestExecutionListener@45be7cd5, org.springframework.boot.test.autoconfigure.web.client.MockRestServiceServerResetTestExecutionListener@7651218e, org.springframework.boot.test.autoconfigure.web.servlet.MockMvcPrintOnlyOnFailureTestExecutionListener@3185fa6b, org.springframework.boot.test.autoconfigure.web.servlet.WebDriverTestExecutionListener@6d366c9b, org.springframework.boot.test.autoconfigure.webservices.client.MockWebServiceServerTestExecutionListener@5b58ed3c, org.springframework.boot.test.mock.mockito.ResetMocksTestExecutionListener@24faea88]
11:38:03.491 [Test worker] DEBUG org.springframework.test.context.support.AbstractDirtiesContextTestExecutionListener - Before test class: context [DefaultTestContext@7e242b4d testClass = VoitureTest, testInstance = [null], testMethod = [null], testException = [null], mergedContextConfiguration = [WebMergedContextConfiguration@305f031 testClass = VoitureTest, locations = '{}', classes = '{class com.example.demo.DemoApplication}', contextInitializerClasses = '[]', activeProfiles = '{}', propertySourceLocations = '{}', propertySourceProperties = '{org.springframework.boot.test.context.SpringBootTestContextBootstrapper=true}', contextCustomizers = set[org.springframework.boot.test.autoconfigure.actuate.metrics.MetricsExportContextCustomizerFactory$DisableMetricExportContextCustomizer@4f9a2c08, org.springframework.boot.test.autoconfigure.properties.PropertyMappingContextCustomizer@0, org.springframework.boot.test.autoconfigure.web.servlet.WebDriverContextCustomizerFactory$Customizer@7ca20101, org.springframework.boot.test.context.filter.ExcludeFilterContextCustomizer@3a5ecce3, org.springframework.boot.test.json.DuplicateJsonObjectContextCustomizerFactory$DuplicateJsonObjectContextCustomizer@388526fb, org.springframework.boot.test.mock.mockito.MockitoContextCustomizer@0, org.springframework.boot.test.web.client.TestRestTemplateContextCustomizer@4c51cf28, org.springframework.boot.test.context.SpringBootTestArgs@1, org.springframework.boot.test.context.SpringBootTestWebEnvironment@79da8dc5], resourceBasePath = 'src/main/webapp', contextLoader = 'org.springframework.boot.test.context.SpringBootContextLoader', parent = [null]], attributes = map['org.springframework.test.context.web.ServletTestExecutionListener.activateListener' -> true]], class annotated with @DirtiesContext [false] with mode [null].

  .   ____          _            __ _ _
 /\\ / ___'_ __ _ _(_)_ __  __ _ \ \ \ \
( ( )\___ | '_ | '_| | '_ \/ _` | \ \ \ \
 \\/  ___)| |_)| | | | | || (_| |  ) ) ) )
  '  |____| .__|_| |_|_| |_\__, | / / / /
 =========|_|==============|___/=/_/_/_/
 :: Spring Boot ::                (v2.7.5)

2023-03-21 11:38:03.874  INFO 512 --- [    Test worker] com.example.demo.data.VoitureTest        : Starting VoitureTest using Java 15.0.2 on DESKTOP-CMFPMBT with PID 512 (started by Bouchaib in C:\Users\Bouchaib\github\qualiteDeDeveloppement)
2023-03-21 11:38:03.875  INFO 512 --- [    Test worker] com.example.demo.data.VoitureTest        : No active profile set, falling back to 1 default profile: "default"
2023-03-21 11:38:04.719  INFO 512 --- [    Test worker] .s.d.r.c.RepositoryConfigurationDelegate : Bootstrapping Spring Data JPA repositories in DEFAULT mode.
2023-03-21 11:38:04.776  INFO 512 --- [    Test worker] .s.d.r.c.RepositoryConfigurationDelegate : Finished Spring Data repository scanning in 46 ms. Found 1 JPA repository interfaces.
2023-03-21 11:38:05.447  INFO 512 --- [    Test worker] com.zaxxer.hikari.HikariDataSource       : HikariPool-1 - Starting...
2023-03-21 11:38:05.742  INFO 512 --- [    Test worker] com.zaxxer.hikari.HikariDataSource       : HikariPool-1 - Start completed.
2023-03-21 11:38:05.826  INFO 512 --- [    Test worker] o.hibernate.jpa.internal.util.LogHelper  : HHH000204: Processing PersistenceUnitInfo [name: default]
2023-03-21 11:38:05.915  INFO 512 --- [    Test worker] org.hibernate.Version                    : HHH000412: Hibernate ORM core version 5.6.12.Final
2023-03-21 11:38:06.148  INFO 512 --- [    Test worker] o.hibernate.annotations.common.Version   : HCANN000001: Hibernate Commons Annotations {5.1.2.Final}
2023-03-21 11:38:06.288  INFO 512 --- [    Test worker] org.hibernate.dialect.Dialect            : HHH000400: Using dialect: org.hibernate.dialect.H2Dialect
2023-03-21 11:38:07.122  INFO 512 --- [    Test worker] o.h.e.t.j.p.i.JtaPlatformInitiator       : HHH000490: Using JtaPlatform implementation: [org.hibernate.engine.transaction.jta.platform.internal.NoJtaPlatform]
2023-03-21 11:38:07.132  INFO 512 --- [    Test worker] j.LocalContainerEntityManagerFactoryBean : Initialized JPA EntityManagerFactory for persistence unit 'default'
2023-03-21 11:38:07.706  WARN 512 --- [    Test worker] JpaBaseConfiguration$JpaWebConfiguration : spring.jpa.open-in-view is enabled by default. Therefore, database queries may be performed during view rendering. Explicitly configure spring.jpa.open-in-view to disable this warning
2023-03-21 11:38:08.456  INFO 512 --- [    Test worker] com.example.demo.data.VoitureTest        : Started VoitureTest in 4.922 seconds (JVM running for 6.41)
]]></system-out>
  <system-err><![CDATA[]]></system-err>
</testsuite>
