<?xml version="1.0" encoding="UTF-8"?>
<testsuite name="com.example.demo.service.ServiceTests" tests="3" skipped="0" failures="0" errors="0" timestamp="2023-03-21T10:38:10" hostname="DESKTOP-CMFPMBT" time="0.018">
  <properties/>
  <testcase name="statistique1Voiture()" classname="com.example.demo.service.ServiceTests" time="0.007"/>
  <testcase name="statistiqueZeroVoiture()" classname="com.example.demo.service.ServiceTests" time="0.004"/>
  <testcase name="statistique2Voiture()" classname="com.example.demo.service.ServiceTests" time="0.004"/>
  <system-out><![CDATA[2023-03-21 11:38:09.836  INFO 512 --- [    Test worker] .b.t.c.SpringBootTestContextBootstrapper : Neither @ContextConfiguration nor @ContextHierarchy found for test class [com.example.demo.service.ServiceTests], using SpringBootContextLoader
2023-03-21 11:38:09.837  INFO 512 --- [    Test worker] o.s.t.c.support.AbstractContextLoader    : Could not detect default resource locations for test class [com.example.demo.service.ServiceTests]: no resource found for suffixes {-context.xml, Context.groovy}.
2023-03-21 11:38:09.838  INFO 512 --- [    Test worker] t.c.s.AnnotationConfigContextLoaderUtils : Could not detect default configuration classes for test class [com.example.demo.service.ServiceTests]: ServiceTests does not declare any static, non-private, non-final, nested classes annotated with @Configuration.
2023-03-21 11:38:09.846  INFO 512 --- [    Test worker] .b.t.c.SpringBootTestContextBootstrapper : Found @SpringBootConfiguration com.example.demo.DemoApplication for test class com.example.demo.service.ServiceTests
2023-03-21 11:38:09.848  INFO 512 --- [    Test worker] .b.t.c.SpringBootTestContextBootstrapper : Loaded default TestExecutionListener class names from location [META-INF/spring.factories]: [org.springframework.boot.test.autoconfigure.restdocs.RestDocsTestExecutionListener, org.springframework.boot.test.autoconfigure.web.client.MockRestServiceServerResetTestExecutionListener, org.springframework.boot.test.autoconfigure.web.servlet.MockMvcPrintOnlyOnFailureTestExecutionListener, org.springframework.boot.test.autoconfigure.web.servlet.WebDriverTestExecutionListener, org.springframework.boot.test.autoconfigure.webservices.client.MockWebServiceServerTestExecutionListener, org.springframework.boot.test.mock.mockito.MockitoTestExecutionListener, org.springframework.boot.test.mock.mockito.ResetMocksTestExecutionListener, org.springframework.test.context.web.ServletTestExecutionListener, org.springframework.test.context.support.DirtiesContextBeforeModesTestExecutionListener, org.springframework.test.context.event.ApplicationEventsTestExecutionListener, org.springframework.test.context.support.DependencyInjectionTestExecutionListener, org.springframework.test.context.support.DirtiesContextTestExecutionListener, org.springframework.test.context.transaction.TransactionalTestExecutionListener, org.springframework.test.context.jdbc.SqlScriptsTestExecutionListener, org.springframework.test.context.event.EventPublishingTestExecutionListener]
2023-03-21 11:38:09.848  INFO 512 --- [    Test worker] .b.t.c.SpringBootTestContextBootstrapper : Using TestExecutionListeners: [org.springframework.test.context.web.ServletTestExecutionListener@7d0e43d6, org.springframework.test.context.support.DirtiesContextBeforeModesTestExecutionListener@df04d12, org.springframework.test.context.event.ApplicationEventsTestExecutionListener@757f47f0, org.springframework.boot.test.mock.mockito.MockitoTestExecutionListener@7ff7e353, org.springframework.boot.test.autoconfigure.SpringBootDependencyInjectionTestExecutionListener@70680f88, org.springframework.test.context.support.DirtiesContextTestExecutionListener@7f7f544a, org.springframework.test.context.transaction.TransactionalTestExecutionListener@70b0dc92, org.springframework.test.context.jdbc.SqlScriptsTestExecutionListener@309d54ac, org.springframework.test.context.event.EventPublishingTestExecutionListener@390978, org.springframework.boot.test.autoconfigure.restdocs.RestDocsTestExecutionListener@561c031, org.springframework.boot.test.autoconfigure.web.client.MockRestServiceServerResetTestExecutionListener@7343d843, org.springframework.boot.test.autoconfigure.web.servlet.MockMvcPrintOnlyOnFailureTestExecutionListener@29a1dab3, org.springframework.boot.test.autoconfigure.web.servlet.WebDriverTestExecutionListener@619b7436, org.springframework.boot.test.autoconfigure.webservices.client.MockWebServiceServerTestExecutionListener@6af0407c, org.springframework.boot.test.mock.mockito.ResetMocksTestExecutionListener@71c1ca1]

  .   ____          _            __ _ _
 /\\ / ___'_ __ _ _(_)_ __  __ _ \ \ \ \
( ( )\___ | '_ | '_| | '_ \/ _` | \ \ \ \
 \\/  ___)| |_)| | | | | || (_| |  ) ) ) )
  '  |____| .__|_| |_|_| |_\__, | / / / /
 =========|_|==============|___/=/_/_/_/
 :: Spring Boot ::                (v2.7.5)

2023-03-21 11:38:09.875  INFO 512 --- [    Test worker] com.example.demo.service.ServiceTests    : Starting ServiceTests using Java 15.0.2 on DESKTOP-CMFPMBT with PID 512 (started by Bouchaib in C:\Users\Bouchaib\github\qualiteDeDeveloppement)
2023-03-21 11:38:09.875  INFO 512 --- [    Test worker] com.example.demo.service.ServiceTests    : No active profile set, falling back to 1 default profile: "default"
2023-03-21 11:38:10.106  INFO 512 --- [    Test worker] .s.d.r.c.RepositoryConfigurationDelegate : Bootstrapping Spring Data JPA repositories in DEFAULT mode.
2023-03-21 11:38:10.116  INFO 512 --- [    Test worker] .s.d.r.c.RepositoryConfigurationDelegate : Finished Spring Data repository scanning in 10 ms. Found 1 JPA repository interfaces.
2023-03-21 11:38:10.274  INFO 512 --- [    Test worker] com.zaxxer.hikari.HikariDataSource       : HikariPool-3 - Starting...
2023-03-21 11:38:10.281  INFO 512 --- [    Test worker] com.zaxxer.hikari.HikariDataSource       : HikariPool-3 - Start completed.
2023-03-21 11:38:10.295  INFO 512 --- [    Test worker] o.hibernate.jpa.internal.util.LogHelper  : HHH000204: Processing PersistenceUnitInfo [name: default]
2023-03-21 11:38:10.305  INFO 512 --- [    Test worker] org.hibernate.dialect.Dialect            : HHH000400: Using dialect: org.hibernate.dialect.H2Dialect
2023-03-21 11:38:10.333  INFO 512 --- [    Test worker] o.h.e.t.j.p.i.JtaPlatformInitiator       : HHH000490: Using JtaPlatform implementation: [org.hibernate.engine.transaction.jta.platform.internal.NoJtaPlatform]
2023-03-21 11:38:10.333  INFO 512 --- [    Test worker] j.LocalContainerEntityManagerFactoryBean : Initialized JPA EntityManagerFactory for persistence unit 'default'
2023-03-21 11:38:10.444  WARN 512 --- [    Test worker] JpaBaseConfiguration$JpaWebConfiguration : spring.jpa.open-in-view is enabled by default. Therefore, database queries may be performed during view rendering. Explicitly configure spring.jpa.open-in-view to disable this warning
2023-03-21 11:38:10.844  INFO 512 --- [    Test worker] com.example.demo.service.ServiceTests    : Started ServiceTests in 0.993 seconds (JVM running for 8.794)
]]></system-out>
  <system-err><![CDATA[]]></system-err>
</testsuite>
